Line 46: Class Kontrolwindow.Tombol of control Tombol2 was not a loaded control class.
Line 84: Class Kontrolwindow.Tombol of control cmdkeluar was not a loaded control class.
Line 122: Class Kontrolwindow.Tombol of control cmdbatal was not a loaded control class.
Line 160: Class Kontrolwindow.Tombol of control cmdhapus was not a loaded control class.
Line 198: Class Kontrolwindow.Tombol of control Tombol1 was not a loaded control class.
Line 236: Class Kontrolwindow.Tombol of control cmdsimpan was not a loaded control class.
Line 438: Class Crystal.CrystalReport of control crtNota was not a loaded control class.
Line 52: The property name _ExtentX in Tombol2 is invalid.
Line 53: The property name _ExtentY in Tombol2 is invalid.
Line 54: The property name BTYPE in Tombol2 is invalid.
Line 55: The property name TX in Tombol2 is invalid.
Line 56: The property name ENAB in Tombol2 is invalid.
Line 66: The property name COLTYPE in Tombol2 is invalid.
Line 67: The property name FOCUSR in Tombol2 is invalid.
Line 68: The property name BCOL in Tombol2 is invalid.
Line 69: The property name BCOLO in Tombol2 is invalid.
Line 70: The property name FCOL in Tombol2 is invalid.
Line 71: The property name FCOLO in Tombol2 is invalid.
Line 72: The property name MCOL in Tombol2 is invalid.
Line 73: The property name MPTR in Tombol2 is invalid.
Line 74: The property name MICON in Tombol2 is invalid.
Line 75: The property name UMCOL in Tombol2 is invalid.
Line 76: The property name SOFT in Tombol2 is invalid.
Line 77: The property name PICPOS in Tombol2 is invalid.
Line 78: The property name NGREY in Tombol2 is invalid.
Line 79: The property name FX in Tombol2 is invalid.
Line 80: The property name HAND in Tombol2 is invalid.
Line 81: The property name CHECK in Tombol2 is invalid.
Line 82: The property name VALUE in Tombol2 is invalid.
Line 90: The property name _ExtentX in cmdkeluar is invalid.
Line 91: The property name _ExtentY in cmdkeluar is invalid.
Line 92: The property name BTYPE in cmdkeluar is invalid.
Line 93: The property name TX in cmdkeluar is invalid.
Line 94: The property name ENAB in cmdkeluar is invalid.
Line 104: The property name COLTYPE in cmdkeluar is invalid.
Line 105: The property name FOCUSR in cmdkeluar is invalid.
Line 106: The property name BCOL in cmdkeluar is invalid.
Line 107: The property name BCOLO in cmdkeluar is invalid.
Line 108: The property name FCOL in cmdkeluar is invalid.
Line 109: The property name FCOLO in cmdkeluar is invalid.
Line 110: The property name MCOL in cmdkeluar is invalid.
Line 111: The property name MPTR in cmdkeluar is invalid.
Line 112: The property name MICON in cmdkeluar is invalid.
Line 113: The property name UMCOL in cmdkeluar is invalid.
Line 114: The property name SOFT in cmdkeluar is invalid.
Line 115: The property name PICPOS in cmdkeluar is invalid.
Line 116: The property name NGREY in cmdkeluar is invalid.
Line 117: The property name FX in cmdkeluar is invalid.
Line 118: The property name HAND in cmdkeluar is invalid.
Line 119: The property name CHECK in cmdkeluar is invalid.
Line 120: The property name VALUE in cmdkeluar is invalid.
Line 128: The property name _ExtentX in cmdbatal is invalid.
Line 129: The property name _ExtentY in cmdbatal is invalid.
Line 130: The property name BTYPE in cmdbatal is invalid.
Line 131: The property name TX in cmdbatal is invalid.
Line 132: The property name ENAB in cmdbatal is invalid.
Line 142: The property name COLTYPE in cmdbatal is invalid.
Line 143: The property name FOCUSR in cmdbatal is invalid.
Line 144: The property name BCOL in cmdbatal is invalid.
Line 145: The property name BCOLO in cmdbatal is invalid.
Line 146: The property name FCOL in cmdbatal is invalid.
Line 147: The property name FCOLO in cmdbatal is invalid.
Line 148: The property name MCOL in cmdbatal is invalid.
Line 149: The property name MPTR in cmdbatal is invalid.
Line 150: The property name MICON in cmdbatal is invalid.
Line 151: The property name UMCOL in cmdbatal is invalid.
Line 152: The property name SOFT in cmdbatal is invalid.
Line 153: The property name PICPOS in cmdbatal is invalid.
Line 154: The property name NGREY in cmdbatal is invalid.
Line 155: The property name FX in cmdbatal is invalid.
Line 156: The property name HAND in cmdbatal is invalid.
Line 157: The property name CHECK in cmdbatal is invalid.
Line 158: The property name VALUE in cmdbatal is invalid.
Line 166: The property name _ExtentX in cmdhapus is invalid.
Line 167: The property name _ExtentY in cmdhapus is invalid.
Line 168: The property name BTYPE in cmdhapus is invalid.
Line 169: The property name TX in cmdhapus is invalid.
Line 170: The property name ENAB in cmdhapus is invalid.
Line 180: The property name COLTYPE in cmdhapus is invalid.
Line 181: The property name FOCUSR in cmdhapus is invalid.
Line 182: The property name BCOL in cmdhapus is invalid.
Line 183: The property name BCOLO in cmdhapus is invalid.
Line 184: The property name FCOL in cmdhapus is invalid.
Line 185: The property name FCOLO in cmdhapus is invalid.
Line 186: The property name MCOL in cmdhapus is invalid.
Line 187: The property name MPTR in cmdhapus is invalid.
Line 188: The property name MICON in cmdhapus is invalid.
Line 189: The property name UMCOL in cmdhapus is invalid.
Line 190: The property name SOFT in cmdhapus is invalid.
Line 191: The property name PICPOS in cmdhapus is invalid.
Line 192: The property name NGREY in cmdhapus is invalid.
Line 193: The property name FX in cmdhapus is invalid.
Line 194: The property name HAND in cmdhapus is invalid.
Line 195: The property name CHECK in cmdhapus is invalid.
Line 196: The property name VALUE in cmdhapus is invalid.
Line 204: The property name _ExtentX in Tombol1 is invalid.
Line 205: The property name _ExtentY in Tombol1 is invalid.
Line 206: The property name BTYPE in Tombol1 is invalid.
Line 207: The property name TX in Tombol1 is invalid.
Line 208: The property name ENAB in Tombol1 is invalid.
Line 218: The property name COLTYPE in Tombol1 is invalid.
Line 219: The property name FOCUSR in Tombol1 is invalid.
Line 220: The property name BCOL in Tombol1 is invalid.
Line 221: The property name BCOLO in Tombol1 is invalid.
Line 222: The property name FCOL in Tombol1 is invalid.
Line 223: The property name FCOLO in Tombol1 is invalid.
Line 224: The property name MCOL in Tombol1 is invalid.
Line 225: The property name MPTR in Tombol1 is invalid.
Line 226: The property name MICON in Tombol1 is invalid.
Line 227: The property name UMCOL in Tombol1 is invalid.
Line 228: The property name SOFT in Tombol1 is invalid.
Line 229: The property name PICPOS in Tombol1 is invalid.
Line 230: The property name NGREY in Tombol1 is invalid.
Line 231: The property name FX in Tombol1 is invalid.
Line 232: The property name HAND in Tombol1 is invalid.
Line 233: The property name CHECK in Tombol1 is invalid.
Line 234: The property name VALUE in Tombol1 is invalid.
Line 242: The property name _ExtentX in cmdsimpan is invalid.
Line 243: The property name _ExtentY in cmdsimpan is invalid.
Line 244: The property name BTYPE in cmdsimpan is invalid.
Line 245: The property name TX in cmdsimpan is invalid.
Line 246: The property name ENAB in cmdsimpan is invalid.
Line 256: The property name COLTYPE in cmdsimpan is invalid.
Line 257: The property name FOCUSR in cmdsimpan is invalid.
Line 258: The property name BCOL in cmdsimpan is invalid.
Line 259: The property name BCOLO in cmdsimpan is invalid.
Line 260: The property name FCOL in cmdsimpan is invalid.
Line 261: The property name FCOLO in cmdsimpan is invalid.
Line 262: The property name MCOL in cmdsimpan is invalid.
Line 263: The property name MPTR in cmdsimpan is invalid.
Line 264: The property name MICON in cmdsimpan is invalid.
Line 265: The property name UMCOL in cmdsimpan is invalid.
Line 266: The property name SOFT in cmdsimpan is invalid.
Line 267: The property name PICPOS in cmdsimpan is invalid.
Line 268: The property name NGREY in cmdsimpan is invalid.
Line 269: The property name FX in cmdsimpan is invalid.
Line 270: The property name HAND in cmdsimpan is invalid.
Line 271: The property name CHECK in cmdsimpan is invalid.
Line 272: The property name VALUE in cmdsimpan is invalid.
Line 441: The property name _ExtentX in crtNota is invalid.
Line 442: The property name _ExtentY in crtNota is invalid.
Line 443: The property name _Version in crtNota is invalid.
Line 444: The property name PrintFileLinesPerPage in crtNota is invalid.
