Line 18: Class Kontrolwindow.Tombol of control TombolBtl was not a loaded control class.
Line 56: Class Kontrolwindow.Tombol of control TombolOK was not a loaded control class.
Line 24: The property name _ExtentX in TombolBtl is invalid.
Line 25: The property name _ExtentY in TombolBtl is invalid.
Line 26: The property name BTYPE in TombolBtl is invalid.
Line 27: The property name TX in TombolBtl is invalid.
Line 28: The property name ENAB in TombolBtl is invalid.
Line 38: The property name COLTYPE in TombolBtl is invalid.
Line 39: The property name FOCUSR in TombolBtl is invalid.
Line 40: The property name BCOL in TombolBtl is invalid.
Line 41: The property name BCOLO in TombolBtl is invalid.
Line 42: The property name FCOL in TombolBtl is invalid.
Line 43: The property name FCOLO in TombolBtl is invalid.
Line 44: The property name MCOL in TombolBtl is invalid.
Line 45: The property name MPTR in TombolBtl is invalid.
Line 46: The property name MICON in TombolBtl is invalid.
Line 47: The property name UMCOL in TombolBtl is invalid.
Line 48: The property name SOFT in TombolBtl is invalid.
Line 49: The property name PICPOS in TombolBtl is invalid.
Line 50: The property name NGREY in TombolBtl is invalid.
Line 51: The property name FX in TombolBtl is invalid.
Line 52: The property name HAND in TombolBtl is invalid.
Line 53: The property name CHECK in TombolBtl is invalid.
Line 54: The property name VALUE in TombolBtl is invalid.
Line 62: The property name _ExtentX in TombolOK is invalid.
Line 63: The property name _ExtentY in TombolOK is invalid.
Line 64: The property name BTYPE in TombolOK is invalid.
Line 65: The property name TX in TombolOK is invalid.
Line 66: The property name ENAB in TombolOK is invalid.
Line 76: The property name COLTYPE in TombolOK is invalid.
Line 77: The property name FOCUSR in TombolOK is invalid.
Line 78: The property name BCOL in TombolOK is invalid.
Line 79: The property name BCOLO in TombolOK is invalid.
Line 80: The property name FCOL in TombolOK is invalid.
Line 81: The property name FCOLO in TombolOK is invalid.
Line 82: The property name MCOL in TombolOK is invalid.
Line 83: The property name MPTR in TombolOK is invalid.
Line 84: The property name MICON in TombolOK is invalid.
Line 85: The property name UMCOL in TombolOK is invalid.
Line 86: The property name SOFT in TombolOK is invalid.
Line 87: The property name PICPOS in TombolOK is invalid.
Line 88: The property name NGREY in TombolOK is invalid.
Line 89: The property name FX in TombolOK is invalid.
Line 90: The property name HAND in TombolOK is invalid.
Line 91: The property name CHECK in TombolOK is invalid.
Line 92: The property name VALUE in TombolOK is invalid.
