Line 18: Class AztechAct.FrameAztech of control FrameAztech1 was not a loaded control class.
Line 42: Class Kontrolwindow.Tombol of control Tombol10 was not a loaded control class.
Line 80: Class Kontrolwindow.Tombol of control Tombol9 was not a loaded control class.
Line 118: Class Kontrolwindow.Tombol of control Tombol8 was not a loaded control class.
Line 156: Class Kontrolwindow.Tombol of control Tombol7 was not a loaded control class.
Line 194: Class Kontrolwindow.Tombol of control Tombol4 was not a loaded control class.
Line 238: Class AztechAct.FrameAztech of control FrameAztech2 was not a loaded control class.
Line 263: Class Kontrolwindow.Tulisanberjalan of control Tulisanberjalan1 was not a loaded control class.
Line 24: The property name _ExtentX in FrameAztech1 is invalid.
Line 25: The property name _ExtentY in FrameAztech1 is invalid.
Line 26: The property name Border in FrameAztech1 is invalid.
Line 37: The property name BgStyle in FrameAztech1 is invalid.
Line 38: The property name VWidth in FrameAztech1 is invalid.
Line 39: The property name VHeight in FrameAztech1 is invalid.
Line 40: The property name BgGrad1 in FrameAztech1 is invalid.
Line 41: The property name BgGrad2 in FrameAztech1 is invalid.
Line 48: The property name _ExtentX in Tombol10 is invalid.
Line 49: The property name _ExtentY in Tombol10 is invalid.
Line 50: The property name BTYPE in Tombol10 is invalid.
Line 51: The property name TX in Tombol10 is invalid.
Line 52: The property name ENAB in Tombol10 is invalid.
Line 62: The property name COLTYPE in Tombol10 is invalid.
Line 63: The property name FOCUSR in Tombol10 is invalid.
Line 64: The property name BCOL in Tombol10 is invalid.
Line 65: The property name BCOLO in Tombol10 is invalid.
Line 66: The property name FCOL in Tombol10 is invalid.
Line 67: The property name FCOLO in Tombol10 is invalid.
Line 68: The property name MCOL in Tombol10 is invalid.
Line 69: The property name MPTR in Tombol10 is invalid.
Line 70: The property name MICON in Tombol10 is invalid.
Line 71: The property name UMCOL in Tombol10 is invalid.
Line 72: The property name SOFT in Tombol10 is invalid.
Line 73: The property name PICPOS in Tombol10 is invalid.
Line 74: The property name NGREY in Tombol10 is invalid.
Line 75: The property name FX in Tombol10 is invalid.
Line 76: The property name HAND in Tombol10 is invalid.
Line 77: The property name CHECK in Tombol10 is invalid.
Line 78: The property name VALUE in Tombol10 is invalid.
Line 86: The property name _ExtentX in Tombol9 is invalid.
Line 87: The property name _ExtentY in Tombol9 is invalid.
Line 88: The property name BTYPE in Tombol9 is invalid.
Line 89: The property name TX in Tombol9 is invalid.
Line 90: The property name ENAB in Tombol9 is invalid.
Line 100: The property name COLTYPE in Tombol9 is invalid.
Line 101: The property name FOCUSR in Tombol9 is invalid.
Line 102: The property name BCOL in Tombol9 is invalid.
Line 103: The property name BCOLO in Tombol9 is invalid.
Line 104: The property name FCOL in Tombol9 is invalid.
Line 105: The property name FCOLO in Tombol9 is invalid.
Line 106: The property name MCOL in Tombol9 is invalid.
Line 107: The property name MPTR in Tombol9 is invalid.
Line 108: The property name MICON in Tombol9 is invalid.
Line 109: The property name UMCOL in Tombol9 is invalid.
Line 110: The property name SOFT in Tombol9 is invalid.
Line 111: The property name PICPOS in Tombol9 is invalid.
Line 112: The property name NGREY in Tombol9 is invalid.
Line 113: The property name FX in Tombol9 is invalid.
Line 114: The property name HAND in Tombol9 is invalid.
Line 115: The property name CHECK in Tombol9 is invalid.
Line 116: The property name VALUE in Tombol9 is invalid.
Line 124: The property name _ExtentX in Tombol8 is invalid.
Line 125: The property name _ExtentY in Tombol8 is invalid.
Line 126: The property name BTYPE in Tombol8 is invalid.
Line 127: The property name TX in Tombol8 is invalid.
Line 128: The property name ENAB in Tombol8 is invalid.
Line 138: The property name COLTYPE in Tombol8 is invalid.
Line 139: The property name FOCUSR in Tombol8 is invalid.
Line 140: The property name BCOL in Tombol8 is invalid.
Line 141: The property name BCOLO in Tombol8 is invalid.
Line 142: The property name FCOL in Tombol8 is invalid.
Line 143: The property name FCOLO in Tombol8 is invalid.
Line 144: The property name MCOL in Tombol8 is invalid.
Line 145: The property name MPTR in Tombol8 is invalid.
Line 146: The property name MICON in Tombol8 is invalid.
Line 147: The property name UMCOL in Tombol8 is invalid.
Line 148: The property name SOFT in Tombol8 is invalid.
Line 149: The property name PICPOS in Tombol8 is invalid.
Line 150: The property name NGREY in Tombol8 is invalid.
Line 151: The property name FX in Tombol8 is invalid.
Line 152: The property name HAND in Tombol8 is invalid.
Line 153: The property name CHECK in Tombol8 is invalid.
Line 154: The property name VALUE in Tombol8 is invalid.
Line 162: The property name _ExtentX in Tombol7 is invalid.
Line 163: The property name _ExtentY in Tombol7 is invalid.
Line 164: The property name BTYPE in Tombol7 is invalid.
Line 165: The property name TX in Tombol7 is invalid.
Line 166: The property name ENAB in Tombol7 is invalid.
Line 176: The property name COLTYPE in Tombol7 is invalid.
Line 177: The property name FOCUSR in Tombol7 is invalid.
Line 178: The property name BCOL in Tombol7 is invalid.
Line 179: The property name BCOLO in Tombol7 is invalid.
Line 180: The property name FCOL in Tombol7 is invalid.
Line 181: The property name FCOLO in Tombol7 is invalid.
Line 182: The property name MCOL in Tombol7 is invalid.
Line 183: The property name MPTR in Tombol7 is invalid.
Line 184: The property name MICON in Tombol7 is invalid.
Line 185: The property name UMCOL in Tombol7 is invalid.
Line 186: The property name SOFT in Tombol7 is invalid.
Line 187: The property name PICPOS in Tombol7 is invalid.
Line 188: The property name NGREY in Tombol7 is invalid.
Line 189: The property name FX in Tombol7 is invalid.
Line 190: The property name HAND in Tombol7 is invalid.
Line 191: The property name CHECK in Tombol7 is invalid.
Line 192: The property name VALUE in Tombol7 is invalid.
Line 200: The property name _ExtentX in Tombol4 is invalid.
Line 201: The property name _ExtentY in Tombol4 is invalid.
Line 202: The property name BTYPE in Tombol4 is invalid.
Line 203: The property name TX in Tombol4 is invalid.
Line 204: The property name ENAB in Tombol4 is invalid.
Line 214: The property name COLTYPE in Tombol4 is invalid.
Line 215: The property name FOCUSR in Tombol4 is invalid.
Line 216: The property name BCOL in Tombol4 is invalid.
Line 217: The property name BCOLO in Tombol4 is invalid.
Line 218: The property name FCOL in Tombol4 is invalid.
Line 219: The property name FCOLO in Tombol4 is invalid.
Line 220: The property name MCOL in Tombol4 is invalid.
Line 221: The property name MPTR in Tombol4 is invalid.
Line 222: The property name MICON in Tombol4 is invalid.
Line 223: The property name UMCOL in Tombol4 is invalid.
Line 224: The property name SOFT in Tombol4 is invalid.
Line 225: The property name PICPOS in Tombol4 is invalid.
Line 226: The property name NGREY in Tombol4 is invalid.
Line 227: The property name FX in Tombol4 is invalid.
Line 228: The property name HAND in Tombol4 is invalid.
Line 229: The property name CHECK in Tombol4 is invalid.
Line 230: The property name VALUE in Tombol4 is invalid.
Line 244: The property name _ExtentX in FrameAztech2 is invalid.
Line 245: The property name _ExtentY in FrameAztech2 is invalid.
Line 247: The property name BorderColor in FrameAztech2 is invalid.
Line 257: The property name BgStyle in FrameAztech2 is invalid.
Line 258: The property name VWidth in FrameAztech2 is invalid.
Line 259: The property name VHeight in FrameAztech2 is invalid.
Line 260: The property name Grad1 in FrameAztech2 is invalid.
Line 261: The property name BgGrad1 in FrameAztech2 is invalid.
Line 262: The property name BgGrad2 in FrameAztech2 is invalid.
Line 269: The property name _ExtentX in Tulisanberjalan1 is invalid.
Line 270: The property name _ExtentY in Tulisanberjalan1 is invalid.
Line 271: The property name Text in Tulisanberjalan1 is invalid.
Line 272: The property name Scrolling in Tulisanberjalan1 is invalid.
