Line 37: Class Kontrolwindow.Tombol of control cmdkeluar was not a loaded control class.
Line 75: Class Kontrolwindow.Tombol of control cmdbatal was not a loaded control class.
Line 113: Class Kontrolwindow.Tombol of control cmdhapus was not a loaded control class.
Line 151: Class Kontrolwindow.Tombol of control cmdedit was not a loaded control class.
Line 189: Class Kontrolwindow.Tombol of control cmdsimpan was not a loaded control class.
Line 43: The property name _ExtentX in cmdkeluar is invalid.
Line 44: The property name _ExtentY in cmdkeluar is invalid.
Line 45: The property name BTYPE in cmdkeluar is invalid.
Line 46: The property name TX in cmdkeluar is invalid.
Line 47: The property name ENAB in cmdkeluar is invalid.
Line 57: The property name COLTYPE in cmdkeluar is invalid.
Line 58: The property name FOCUSR in cmdkeluar is invalid.
Line 59: The property name BCOL in cmdkeluar is invalid.
Line 60: The property name BCOLO in cmdkeluar is invalid.
Line 61: The property name FCOL in cmdkeluar is invalid.
Line 62: The property name FCOLO in cmdkeluar is invalid.
Line 63: The property name MCOL in cmdkeluar is invalid.
Line 64: The property name MPTR in cmdkeluar is invalid.
Line 65: The property name MICON in cmdkeluar is invalid.
Line 66: The property name UMCOL in cmdkeluar is invalid.
Line 67: The property name SOFT in cmdkeluar is invalid.
Line 68: The property name PICPOS in cmdkeluar is invalid.
Line 69: The property name NGREY in cmdkeluar is invalid.
Line 70: The property name FX in cmdkeluar is invalid.
Line 71: The property name HAND in cmdkeluar is invalid.
Line 72: The property name CHECK in cmdkeluar is invalid.
Line 73: The property name VALUE in cmdkeluar is invalid.
Line 81: The property name _ExtentX in cmdbatal is invalid.
Line 82: The property name _ExtentY in cmdbatal is invalid.
Line 83: The property name BTYPE in cmdbatal is invalid.
Line 84: The property name TX in cmdbatal is invalid.
Line 85: The property name ENAB in cmdbatal is invalid.
Line 95: The property name COLTYPE in cmdbatal is invalid.
Line 96: The property name FOCUSR in cmdbatal is invalid.
Line 97: The property name BCOL in cmdbatal is invalid.
Line 98: The property name BCOLO in cmdbatal is invalid.
Line 99: The property name FCOL in cmdbatal is invalid.
Line 100: The property name FCOLO in cmdbatal is invalid.
Line 101: The property name MCOL in cmdbatal is invalid.
Line 102: The property name MPTR in cmdbatal is invalid.
Line 103: The property name MICON in cmdbatal is invalid.
Line 104: The property name UMCOL in cmdbatal is invalid.
Line 105: The property name SOFT in cmdbatal is invalid.
Line 106: The property name PICPOS in cmdbatal is invalid.
Line 107: The property name NGREY in cmdbatal is invalid.
Line 108: The property name FX in cmdbatal is invalid.
Line 109: The property name HAND in cmdbatal is invalid.
Line 110: The property name CHECK in cmdbatal is invalid.
Line 111: The property name VALUE in cmdbatal is invalid.
Line 119: The property name _ExtentX in cmdhapus is invalid.
Line 120: The property name _ExtentY in cmdhapus is invalid.
Line 121: The property name BTYPE in cmdhapus is invalid.
Line 122: The property name TX in cmdhapus is invalid.
Line 123: The property name ENAB in cmdhapus is invalid.
Line 133: The property name COLTYPE in cmdhapus is invalid.
Line 134: The property name FOCUSR in cmdhapus is invalid.
Line 135: The property name BCOL in cmdhapus is invalid.
Line 136: The property name BCOLO in cmdhapus is invalid.
Line 137: The property name FCOL in cmdhapus is invalid.
Line 138: The property name FCOLO in cmdhapus is invalid.
Line 139: The property name MCOL in cmdhapus is invalid.
Line 140: The property name MPTR in cmdhapus is invalid.
Line 141: The property name MICON in cmdhapus is invalid.
Line 142: The property name UMCOL in cmdhapus is invalid.
Line 143: The property name SOFT in cmdhapus is invalid.
Line 144: The property name PICPOS in cmdhapus is invalid.
Line 145: The property name NGREY in cmdhapus is invalid.
Line 146: The property name FX in cmdhapus is invalid.
Line 147: The property name HAND in cmdhapus is invalid.
Line 148: The property name CHECK in cmdhapus is invalid.
Line 149: The property name VALUE in cmdhapus is invalid.
Line 157: The property name _ExtentX in cmdedit is invalid.
Line 158: The property name _ExtentY in cmdedit is invalid.
Line 159: The property name BTYPE in cmdedit is invalid.
Line 160: The property name TX in cmdedit is invalid.
Line 161: The property name ENAB in cmdedit is invalid.
Line 171: The property name COLTYPE in cmdedit is invalid.
Line 172: The property name FOCUSR in cmdedit is invalid.
Line 173: The property name BCOL in cmdedit is invalid.
Line 174: The property name BCOLO in cmdedit is invalid.
Line 175: The property name FCOL in cmdedit is invalid.
Line 176: The property name FCOLO in cmdedit is invalid.
Line 177: The property name MCOL in cmdedit is invalid.
Line 178: The property name MPTR in cmdedit is invalid.
Line 179: The property name MICON in cmdedit is invalid.
Line 180: The property name UMCOL in cmdedit is invalid.
Line 181: The property name SOFT in cmdedit is invalid.
Line 182: The property name PICPOS in cmdedit is invalid.
Line 183: The property name NGREY in cmdedit is invalid.
Line 184: The property name FX in cmdedit is invalid.
Line 185: The property name HAND in cmdedit is invalid.
Line 186: The property name CHECK in cmdedit is invalid.
Line 187: The property name VALUE in cmdedit is invalid.
Line 195: The property name _ExtentX in cmdsimpan is invalid.
Line 196: The property name _ExtentY in cmdsimpan is invalid.
Line 197: The property name BTYPE in cmdsimpan is invalid.
Line 198: The property name TX in cmdsimpan is invalid.
Line 199: The property name ENAB in cmdsimpan is invalid.
Line 209: The property name COLTYPE in cmdsimpan is invalid.
Line 210: The property name FOCUSR in cmdsimpan is invalid.
Line 211: The property name BCOL in cmdsimpan is invalid.
Line 212: The property name BCOLO in cmdsimpan is invalid.
Line 213: The property name FCOL in cmdsimpan is invalid.
Line 214: The property name FCOLO in cmdsimpan is invalid.
Line 215: The property name MCOL in cmdsimpan is invalid.
Line 216: The property name MPTR in cmdsimpan is invalid.
Line 217: The property name MICON in cmdsimpan is invalid.
Line 218: The property name UMCOL in cmdsimpan is invalid.
Line 219: The property name SOFT in cmdsimpan is invalid.
Line 220: The property name PICPOS in cmdsimpan is invalid.
Line 221: The property name NGREY in cmdsimpan is invalid.
Line 222: The property name FX in cmdsimpan is invalid.
Line 223: The property name HAND in cmdsimpan is invalid.
Line 224: The property name CHECK in cmdsimpan is invalid.
Line 225: The property name VALUE in cmdsimpan is invalid.
